2015-04-30 13:16:08.497 SYK[879:11747] DiskCookieStorage changing policy from 2 to 0, cookie file: file:///Users/pratikdhiman/Library/Developer/CoreSimulator/Devices/C2D635DA-68F6-4CE6-B02A-BDC2F07CA96E/data/Containers/Data/Application/AAB1C8FF-7FED-4D57-B94B-4005ECEA3A3B/Library/Cookies/Cookies.binarycookies
2015-04-30 13:16:08.827 SYK[879:11747] Apache Cordova native platform version 3.8.0 is starting.
2015-04-30 13:16:08.827 SYK[879:11747] Multi-tasking -> Device: YES, App: YES
2015-04-30 13:16:08.846 SYK[879:11747] Unlimited access to network resources
2015-04-30 13:16:09.239 SYK[879:11747] [CDVTimer][keyboard] 0.056982ms
2015-04-30 13:16:09.239 SYK[879:11747] [CDVTimer][TotalPluginStartup] 0.231981ms
2015-04-30 13:16:09.753 SYK[879:11747] Resetting plugins due to page load.
2015-04-30 13:16:10.132 SYK[879:11747] Finished load of: http://192.168.1.4:8100/
2015-04-30 13:16:49.309 SYK[879:11747] Resetting plugins due to page load.
2015-04-30 13:16:49.383 SYK[879:11747] Finished load of: http://192.168.1.4:8100/#/menu
2015-04-30 13:17:08.448 SYK[879:11747] Resetting plugins due to page load.
2015-04-30 13:17:08.528 SYK[879:11747] Finished load of: http://192.168.1.4:8100/#/menu
2015-04-30 13:17:36.273 SYK[879:11747] Resetting plugins due to page load.
2015-04-30 13:17:36.336 SYK[879:11747] Finished load of: http://192.168.1.4:8100/#/menu
2015-04-30 13:17:44.535 SYK[879:11747] Resetting plugins due to page load.
2015-04-30 13:17:44.608 SYK[879:11747] Finished load of: http://192.168.1.4:8100/#/menu
2015-04-30 13:17:57.729 SYK[879:11747] Resetting plugins due to page load.
2015-04-30 13:17:57.817 SYK[879:11747] Finished load of: http://192.168.1.4:8100/#/menu
2015-04-30 13:18:57.788 SYK[879:11747] Resetting plugins due to page load.
2015-04-30 13:18:57.852 SYK[879:11747] Finished load of: http://192.168.1.4:8100/#/menu
2015-04-30 13:19:13.474 SYK[879:11747] Resetting plugins due to page load.
2015-04-30 13:19:13.536 SYK[879:11747] Finished load of: http://192.168.1.4:8100/#/menu
2015-04-30 13:19:46.788 SYK[879:11747] Resetting plugins due to page load.
2015-04-30 13:19:46.865 SYK[879:11747] Finished load of: http://192.168.1.4:8100/#/menu
2015-04-30 13:20:09.320 SYK[879:11747] Resetting plugins due to page load.
2015-04-30 13:20:09.388 SYK[879:11747] Finished load of: http://192.168.1.4:8100/#/menu
2015-04-30 13:20:55.788 SYK[879:11747] Resetting plugins due to page load.
2015-04-30 13:20:55.860 SYK[879:11747] Finished load of: http://192.168.1.4:8100/#/menu
2015-04-30 13:21:35.576 SYK[879:11747] Resetting plugins due to page load.
2015-04-30 13:21:35.664 SYK[879:11747] Finished load of: http://192.168.1.4:8100/#/menu
2015-04-30 13:21:51.922 SYK[879:11747] Resetting plugins due to page load.
2015-04-30 13:21:52.003 SYK[879:11747] Finished load of: http://192.168.1.4:8100/#/menu
2015-04-30 13:22:52.791 SYK[879:11747] Resetting plugins due to page load.
2015-04-30 13:22:52.884 SYK[879:11747] Finished load of: http://192.168.1.4:8100/#/menu
2015-04-30 13:23:55.292 SYK[879:11747] Resetting plugins due to page load.
2015-04-30 13:23:55.359 SYK[879:11747] Finished load of: http://192.168.1.4:8100/#/menu
2015-04-30 13:25:44.917 SYK[879:11747] Resetting plugins due to page load.
2015-04-30 13:25:44.962 SYK[879:11747] Finished load of: http://192.168.1.4:8100/#/menu
2015-04-30 13:26:09.133 SYK[879:11747] Resetting plugins due to page load.
2015-04-30 13:26:09.183 SYK[879:11747] Finished load of: http://192.168.1.4:8100/#/menu
2015-04-30 13:26:36.834 SYK[879:11747] Resetting plugins due to page load.
2015-04-30 13:26:36.882 SYK[879:11747] Finished load of: http://192.168.1.4:8100/#/menu
2015-04-30 13:26:51.821 SYK[879:11747] Resetting plugins due to page load.
2015-04-30 13:26:51.872 SYK[879:11747] Finished load of: http://192.168.1.4:8100/#/menu
2015-04-30 13:27:47.173 SYK[879:11747] Resetting plugins due to page load.
2015-04-30 13:27:47.208 SYK[879:11747] Finished load of: http://192.168.1.4:8100/#/menu
2015-04-30 13:28:00.288 SYK[879:11747] Resetting plugins due to page load.
2015-04-30 13:28:00.316 SYK[879:11747] Finished load of: http://192.168.1.4:8100/#/menu
2015-04-30 13:28:11.280 SYK[879:11747] Resetting plugins due to page load.
2015-04-30 13:28:11.314 SYK[879:11747] Finished load of: http://192.168.1.4:8100/#/menu
2015-04-30 13:28:34.701 SYK[1185:16167] DiskCookieStorage changing policy from 2 to 0, cookie file: file:///Users/pratikdhiman/Library/Developer/CoreSimulator/Devices/C2D635DA-68F6-4CE6-B02A-BDC2F07CA96E/data/Containers/Data/Application/F074B8E8-A154-44BC-A23E-284798D70253/Library/Cookies/Cookies.binarycookies
2015-04-30 13:28:34.821 SYK[1185:16167] Apache Cordova native platform version 3.8.0 is starting.
2015-04-30 13:28:34.821 SYK[1185:16167] Multi-tasking -> Device: YES, App: YES
2015-04-30 13:28:34.823 SYK[1185:16167] Unlimited access to network resources
2015-04-30 13:28:34.909 SYK[1185:16167] [CDVTimer][keyboard] 0.053048ms
2015-04-30 13:28:34.909 SYK[1185:16167] [CDVTimer][TotalPluginStartup] 0.208020ms
2015-04-30 13:28:34.963 SYK[1185:16167] Resetting plugins due to page load.
2015-04-30 13:28:35.117 SYK[1185:16167] Finished load of: http://192.168.1.4:8100/
2015-04-30 13:29:16.519 SYK[1185:16167] Resetting plugins due to page load.
2015-04-30 13:29:16.564 SYK[1185:16167] Finished load of: http://192.168.1.4:8100/
2015-04-30 13:47:37.770 SYK[1185:16167] Resetting plugins due to page load.
2015-04-30 13:47:37.778 SYK[1185:16167] Failed to load webpage with error: Could not connect to the server.
2015-04-30 13:47:48.354 SYK[1185:16167] Resetting plugins due to page load.
2015-04-30 13:47:48.357 SYK[1185:16167] Failed to load webpage with error: Could not connect to the server.
2015-04-30 13:49:16.156 SYK[1185:16167] Resetting plugins due to page load.
2015-04-30 13:49:16.167 SYK[1185:16167] Failed to load webpage with error: Could not connect to the server.
2015-04-30 13:51:13.754 SYK[1185:16167] Resetting plugins due to page load.
2015-04-30 13:51:13.757 SYK[1185:16167] Failed to load webpage with error: Could not connect to the server.
2015-04-30 13:51:24.748 SYK[1185:16167] Resetting plugins due to page load.
2015-04-30 13:51:24.753 SYK[1185:16167] Failed to load webpage with error: Could not connect to the server.
2015-04-30 13:51:42.173 SYK[1185:16167] Resetting plugins due to page load.
2015-04-30 13:51:42.178 SYK[1185:16167] Failed to load webpage with error: Could not connect to the server.
2015-04-30 13:52:41.974 SYK[1185:16167] Resetting plugins due to page load.
2015-04-30 13:52:41.987 SYK[1185:16167] Failed to load webpage with error: Could not connect to the server.
2015-04-30 13:53:38.595 SYK[1185:16167] Resetting plugins due to page load.
2015-04-30 13:53:38.598 SYK[1185:16167] Failed to load webpage with error: Could not connect to the server.
2015-04-30 13:54:51.936 SYK[1185:16167] Resetting plugins due to page load.
2015-04-30 13:54:51.938 SYK[1185:16167] Failed to load webpage with error: Could not connect to the server.
2015-04-30 13:55:09.376 SYK[1437:24374] DiskCookieStorage changing policy from 2 to 0, cookie file: file:///Users/pratikdhiman/Library/Developer/CoreSimulator/Devices/C2D635DA-68F6-4CE6-B02A-BDC2F07CA96E/data/Containers/Data/Application/F0BD1305-291A-4F88-B0E7-F7B1AC8F4EE6/Library/Cookies/Cookies.binarycookies
2015-04-30 13:55:09.444 SYK[1437:24374] Apache Cordova native platform version 3.8.0 is starting.
2015-04-30 13:55:09.444 SYK[1437:24374] Multi-tasking -> Device: YES, App: YES
2015-04-30 13:55:09.446 SYK[1437:24374] Unlimited access to network resources
2015-04-30 13:55:09.518 SYK[1437:24374] [CDVTimer][keyboard] 0.049949ms
2015-04-30 13:55:09.518 SYK[1437:24374] [CDVTimer][TotalPluginStartup] 0.203967ms
2015-04-30 13:55:09.605 SYK[1437:24374] Resetting plugins due to page load.
2015-04-30 13:55:09.756 SYK[1437:24374] Finished load of: http://192.168.1.4:8100/
2015-04-30 13:55:56.373 SYK[1437:24374] Resetting plugins due to page load.
2015-04-30 13:55:56.426 SYK[1437:24374] Finished load of: http://192.168.1.4:8100/
2015-04-30 13:58:22.911 SYK[1437:24374] Resetting plugins due to page load.
2015-04-30 13:58:23.000 SYK[1437:24374] Finished load of: http://192.168.1.4:8100/
2015-04-30 13:59:18.225 SYK[1437:24374] Resetting plugins due to page load.
2015-04-30 13:59:18.296 SYK[1437:24374] Finished load of: http://192.168.1.4:8100/#/menu
2015-04-30 14:00:08.216 SYK[1437:24374] Resetting plugins due to page load.
2015-04-30 14:00:08.297 SYK[1437:24374] Finished load of: http://192.168.1.4:8100/#/menu
2015-04-30 14:02:14.490 SYK[1437:24374] Resetting plugins due to page load.
2015-04-30 14:02:14.499 SYK[1437:24374] Failed to load webpage with error: Could not connect to the server.
2015-04-30 14:03:09.680 SYK[1437:24374] Resetting plugins due to page load.
2015-04-30 14:03:09.684 SYK[1437:24374] Failed to load webpage with error: Could not connect to the server.
2015-04-30 14:03:20.457 SYK[1437:24374] Resetting plugins due to page load.
2015-04-30 14:03:20.460 SYK[1437:24374] Failed to load webpage with error: Could not connect to the server.
2015-04-30 14:03:34.459 SYK[1437:24374] Resetting plugins due to page load.
2015-04-30 14:03:34.463 SYK[1437:24374] Failed to load webpage with error: Could not connect to the server.
2015-04-30 14:03:47.046 SYK[1437:24374] Resetting plugins due to page load.
2015-04-30 14:03:47.053 SYK[1437:24374] Failed to load webpage with error: Could not connect to the server.
2015-04-30 14:04:23.935 SYK[1437:24374] Resetting plugins due to page load.
2015-04-30 14:04:23.938 SYK[1437:24374] Failed to load webpage with error: Could not connect to the server.
2015-04-30 14:04:56.166 SYK[1437:24374] Resetting plugins due to page load.
2015-04-30 14:04:56.178 SYK[1437:24374] Failed to load webpage with error: Could not connect to the server.
2015-04-30 14:05:56.156 SYK[1437:24374] Resetting plugins due to page load.
2015-04-30 14:05:56.161 SYK[1437:24374] Failed to load webpage with error: Could not connect to the server.
2015-04-30 14:06:47.444 SYK[1437:24374] Resetting plugins due to page load.
2015-04-30 14:06:47.457 SYK[1437:24374] Failed to load webpage with error: Could not connect to the server.
2015-04-30 14:09:11.385 SYK[1437:24374] Resetting plugins due to page load.
2015-04-30 14:09:11.392 SYK[1437:24374] Failed to load webpage with error: Could not connect to the server.
2015-04-30 14:09:26.187 SYK[1437:24374] Resetting plugins due to page load.
2015-04-30 14:09:26.194 SYK[1437:24374] Failed to load webpage with error: Could not connect to the server.
2015-04-30 14:09:39.487 SYK[1437:24374] Resetting plugins due to page load.
2015-04-30 14:09:39.489 SYK[1437:24374] Failed to load webpage with error: Could not connect to the server.
2015-04-30 14:09:53.210 SYK[1437:24374] Resetting plugins due to page load.
2015-04-30 14:09:53.215 SYK[1437:24374] Failed to load webpage with error: Could not connect to the server.
2015-04-30 14:10:06.000 SYK[1437:24374] Resetting plugins due to page load.
2015-04-30 14:10:06.007 SYK[1437:24374] Failed to load webpage with error: Could not connect to the server.
2015-04-30 14:10:28.997 SYK[1437:24374] Resetting plugins due to page load.
2015-04-30 14:10:29.003 SYK[1437:24374] Failed to load webpage with error: Could not connect to the server.
2015-04-30 14:11:04.458 SYK[1437:24374] Resetting plugins due to page load.
2015-04-30 14:11:04.465 SYK[1437:24374] Failed to load webpage with error: Could not connect to the server.
2015-04-30 14:11:19.761 SYK[1437:24374] Resetting plugins due to page load.
2015-04-30 14:11:19.765 SYK[1437:24374] Failed to load webpage with error: Could not connect to the server.
2015-04-30 14:14:56.355 SYK[1437:24374] Resetting plugins due to page load.
2015-04-30 14:14:56.360 SYK[1437:24374] Failed to load webpage with error: Could not connect to the server.
2015-04-30 14:15:00.998 SYK[1437:24374] Resetting plugins due to page load.
2015-04-30 14:15:01.002 SYK[1437:24374] Failed to load webpage with error: Could not connect to the server.
2015-04-30 14:15:26.601 SYK[1437:24374] Resetting plugins due to page load.
2015-04-30 14:15:26.605 SYK[1437:24374] Failed to load webpage with error: Could not connect to the server.
2015-04-30 14:15:35.274 SYK[1437:24374] Resetting plugins due to page load.
2015-04-30 14:15:35.277 SYK[1437:24374] Failed to load webpage with error: Could not connect to the server.
2015-04-30 14:16:05.894 SYK[1437:24374] Resetting plugins due to page load.
2015-04-30 14:16:05.897 SYK[1437:24374] Failed to load webpage with error: Could not connect to the server.
2015-04-30 14:17:00.425 SYK[1437:24374] Resetting plugins due to page load.
2015-04-30 14:17:00.432 SYK[1437:24374] Failed to load webpage with error: Could not connect to the server.
2015-04-30 14:17:52.720 SYK[1437:24374] Resetting plugins due to page load.
2015-04-30 14:17:52.731 SYK[1437:24374] Failed to load webpage with error: Could not connect to the server.
2015-04-30 14:18:34.302 SYK[1437:24374] Resetting plugins due to page load.
2015-04-30 14:18:34.306 SYK[1437:24374] Failed to load webpage with error: Could not connect to the server.
2015-04-30 14:20:28.639 SYK[1437:24374] Resetting plugins due to page load.
2015-04-30 14:20:28.642 SYK[1437:24374] Failed to load webpage with error: Could not connect to the server.
2015-04-30 14:20:46.383 SYK[1437:24374] Resetting plugins due to page load.
2015-04-30 14:20:46.386 SYK[1437:24374] Failed to load webpage with error: Could not connect to the server.
2015-04-30 14:21:00.988 SYK[1437:24374] Resetting plugins due to page load.
2015-04-30 14:21:00.993 SYK[1437:24374] Failed to load webpage with error: Could not connect to the server.
2015-04-30 14:25:13.514 SYK[1437:24374] Resetting plugins due to page load.
2015-04-30 14:25:13.518 SYK[1437:24374] Failed to load webpage with error: Could not connect to the server.
2015-04-30 14:26:11.789 SYK[1437:24374] Resetting plugins due to page load.
2015-04-30 14:26:11.797 SYK[1437:24374] Failed to load webpage with error: Could not connect to the server.
2015-04-30 14:28:51.473 SYK[1437:24374] Resetting plugins due to page load.
2015-04-30 14:28:51.478 SYK[1437:24374] Failed to load webpage with error: Could not connect to the server.
2015-04-30 14:30:24.875 SYK[1437:24374] Resetting plugins due to page load.
2015-04-30 14:30:24.878 SYK[1437:24374] Failed to load webpage with error: Could not connect to the server.
2015-04-30 14:31:48.414 SYK[1437:24374] Resetting plugins due to page load.
2015-04-30 14:31:48.418 SYK[1437:24374] Failed to load webpage with error: Could not connect to the server.
2015-04-30 14:31:51.535 SYK[1437:24374] Resetting plugins due to page load.
2015-04-30 14:31:51.539 SYK[1437:24374] Failed to load webpage with error: Could not connect to the server.
2015-04-30 14:32:16.324 SYK[1437:24374] Resetting plugins due to page load.
2015-04-30 14:32:16.329 SYK[1437:24374] Failed to load webpage with error: Could not connect to the server.
2015-04-30 14:32:30.335 SYK[1437:24374] Resetting plugins due to page load.
2015-04-30 14:32:30.342 SYK[1437:24374] Failed to load webpage with error: Could not connect to the server.
2015-04-30 14:35:42.318 SYK[1437:24374] Resetting plugins due to page load.
2015-04-30 14:35:42.327 SYK[1437:24374] Failed to load webpage with error: Could not connect to the server.
2015-04-30 14:35:47.061 SYK[1437:24374] Resetting plugins due to page load.
2015-04-30 14:35:47.065 SYK[1437:24374] Failed to load webpage with error: Could not connect to the server.
2015-04-30 14:41:06.654 SYK[1437:24374] Resetting plugins due to page load.
2015-04-30 14:41:06.658 SYK[1437:24374] Failed to load webpage with error: Could not connect to the server.
2015-04-30 14:41:40.625 SYK[1437:24374] Resetting plugins due to page load.
2015-04-30 14:41:40.630 SYK[1437:24374] Failed to load webpage with error: Could not connect to the server.
2015-04-30 14:42:26.299 SYK[1437:24374] Resetting plugins due to page load.
2015-04-30 14:42:26.309 SYK[1437:24374] Failed to load webpage with error: Could not connect to the server.
2015-04-30 14:43:29.995 SYK[1437:24374] Resetting plugins due to page load.
2015-04-30 14:43:29.999 SYK[1437:24374] Failed to load webpage with error: Could not connect to the server.
2015-04-30 14:43:51.155 SYK[1437:24374] Resetting plugins due to page load.
2015-04-30 14:43:51.159 SYK[1437:24374] Failed to load webpage with error: Could not connect to the server.
2015-04-30 14:44:25.042 SYK[1437:24374] Resetting plugins due to page load.
2015-04-30 14:44:25.046 SYK[1437:24374] Failed to load webpage with error: Could not connect to the server.
2015-04-30 14:44:44.595 SYK[1437:24374] Resetting plugins due to page load.
2015-04-30 14:44:44.601 SYK[1437:24374] Failed to load webpage with error: Could not connect to the server.
2015-04-30 14:45:45.243 SYK[1437:24374] Resetting plugins due to page load.
2015-04-30 14:45:45.250 SYK[1437:24374] Failed to load webpage with error: Could not connect to the server.
2015-04-30 14:46:44.314 SYK[1437:24374] Resetting plugins due to page load.
2015-04-30 14:46:44.318 SYK[1437:24374] Failed to load webpage with error: Could not connect to the server.
2015-04-30 14:48:07.676 SYK[1437:24374] Resetting plugins due to page load.
2015-04-30 14:48:07.678 SYK[1437:24374] Failed to load webpage with error: Could not connect to the server.
2015-04-30 14:48:09.793 SYK[1437:24374] Resetting plugins due to page load.
2015-04-30 14:48:09.796 SYK[1437:24374] Failed to load webpage with error: Could not connect to the server.
2015-04-30 14:48:27.313 SYK[1437:24374] Resetting plugins due to page load.
2015-04-30 14:48:27.319 SYK[1437:24374] Failed to load webpage with error: Could not connect to the server.
2015-04-30 14:48:32.565 SYK[1437:24374] Resetting plugins due to page load.
2015-04-30 14:48:32.570 SYK[1437:24374] Failed to load webpage with error: Could not connect to the server.
2015-04-30 15:26:22.411 SYK[1890:56487] DiskCookieStorage changing policy from 2 to 0, cookie file: file:///Users/pratikdhiman/Library/Developer/CoreSimulator/Devices/C2D635DA-68F6-4CE6-B02A-BDC2F07CA96E/data/Containers/Data/Application/7DD4BB33-DDEF-468D-BDBB-094C9B72F311/Library/Cookies/Cookies.binarycookies
2015-04-30 15:26:22.665 SYK[1890:56487] Apache Cordova native platform version 3.8.0 is starting.
2015-04-30 15:26:22.666 SYK[1890:56487] Multi-tasking -> Device: YES, App: YES
2015-04-30 15:26:22.677 SYK[1890:56487] Unlimited access to network resources
2015-04-30 15:26:22.952 SYK[1890:56487] [CDVTimer][keyboard] 0.059009ms
2015-04-30 15:26:22.952 SYK[1890:56487] [CDVTimer][TotalPluginStartup] 0.226974ms
2015-04-30 15:26:23.156 SYK[1890:56487] Resetting plugins due to page load.
2015-04-30 15:26:23.478 SYK[1890:56487] Finished load of: http://192.168.1.4:8100/
